<?xml version="1.0" encoding="UTF-8"?>
<!-- Generated by org.testng.reporters.JUnitReportReporter -->
<testsuite skipped="0" hostname="sai" name="sele.Parameter" tests="1" failures="0" timestamp="21 Jun 2018 05:57:42 GMT" time="73.717" errors="0">
  <testcase name="execute" time="73.717" classname="sele.Parameter"/>
</testsuite> <!-- sele.Parameter -->
