<?xml version="1.0" encoding="UTF-8"?>
<!-- Generated by org.testng.reporters.JUnitReportReporter -->
<testsuite skipped="1" hostname="sai" name="testngclasses.TestCase3" tests="1" failures="0" timestamp="13 Jun 2018 04:22:05 GMT" time="0.000" errors="0">
  <testcase name="testWord" time="0.000" classname="testngclasses.TestCase3">
    <skipped/>
  </testcase> <!-- testWord -->
</testsuite> <!-- testngclasses.TestCase3 -->
