<?xml version="1.0" encoding="UTF-8"?>
<!-- Generated by org.testng.reporters.JUnitReportReporter -->
<testsuite skipped="1" hostname="sai" name="pack1.RetestFail" tests="1" failures="0" timestamp="13 Jun 2018 04:22:05 GMT" time="0.000" errors="0">
  <testcase name="login" time="0.000" classname="pack1.RetestFail">
    <skipped/>
  </testcase> <!-- login -->
</testsuite> <!-- pack1.RetestFail -->
