<?xml version="1.0" encoding="UTF-8"?>
<!-- Generated by org.testng.reporters.JUnitReportReporter -->
<testsuite skipped="0" hostname="sai" name="testngclasses.TestCase1" tests="1" failures="0" timestamp="14 Jun 2018 02:23:27 GMT" time="0.029" errors="0">
  <testcase name="testFB" time="0.029" classname="testngclasses.TestCase1"/>
</testsuite> <!-- testngclasses.TestCase1 -->
